{"level":"info","message":"The log for this is stored at C:\\Users\\benth\\Documents\\dev\\pro\\bacardi\\CMS\\contentstack-nextjs-react-mixlab\\content-export/export/logs","timestamp":"2021-04-26T15:12:46.091Z"}
{"level":"info","message":"The log for this is stored at C:\\Users\\benth\\Documents\\dev\\pro\\bacardi\\CMS\\contentstack-nextjs-react-mixlab\\content-export/export/logs","timestamp":"2021-04-26T15:32:30.955Z"}
{"level":"info","message":"Starting assets export","timestamp":"2021-04-26T15:33:53.364Z"}
{"level":"info","message":"Downloaded avioneta.jpg: blte4e80738a19f5bc6 successfully!","timestamp":"2021-04-26T15:33:54.184Z"}
{"level":"info","message":"Downloaded banana-daiquiri.jpg: blt7237b56fe0d79918 successfully!","timestamp":"2021-04-26T15:33:54.219Z"}
{"level":"info","message":"Skipping download of { title: avioneta.jpg, uid: blte4e80738a19f5bc6 }, as they already exist","timestamp":"2021-04-26T15:33:54.357Z"}
{"level":"info","message":"Skipping download of { title: banana-daiquiri.jpg, uid: blt7237b56fe0d79918 }, as they already exist","timestamp":"2021-04-26T15:33:54.387Z"}
{"level":"info","message":"Downloaded classic-daiquiri.jpg: blt488101360b3959d3 successfully!","timestamp":"2021-04-26T15:33:54.415Z"}
{"level":"info","message":"Downloaded mixlab-landing-image.jpg: bltaf495d860f9e7caa successfully!","timestamp":"2021-04-26T15:33:54.519Z"}
{"level":"info","message":"Skipping download of { title: classic-daiquiri.jpg, uid: blt488101360b3959d3 }, as they already exist","timestamp":"2021-04-26T15:33:54.583Z"}
{"level":"info","message":"Downloaded rebecca-pinnel.jpg: bltcf3e333020cc862d successfully!","timestamp":"2021-04-26T15:33:54.606Z"}
{"level":"info","message":"Downloaded bathrob-brunch.jpg: blt9fb4bde3a5a2add9 successfully!","timestamp":"2021-04-26T15:33:54.650Z"}
{"level":"info","message":"Downloaded thomas-spaeth.jpg: blt37065cf0954f7f1e successfully!","timestamp":"2021-04-26T15:33:54.674Z"}
{"level":"info","message":"Skipping download of { title: mixlab-landing-image.jpg, uid: bltaf495d860f9e7caa }, as they already exist","timestamp":"2021-04-26T15:33:54.692Z"}
{"level":"info","message":"Skipping download of { title: rebecca-pinnel.jpg, uid: bltcf3e333020cc862d }, as they already exist","timestamp":"2021-04-26T15:33:54.781Z"}
{"level":"info","message":"Skipping download of { title: bathrob-brunch.jpg, uid: blt9fb4bde3a5a2add9 }, as they already exist","timestamp":"2021-04-26T15:33:54.815Z"}
{"level":"info","message":"Skipping download of { title: thomas-spaeth.jpg, uid: blt37065cf0954f7f1e }, as they already exist","timestamp":"2021-04-26T15:33:54.837Z"}
{"level":"info","message":"Downloaded jules-aron.jpg: blt21cbe4b003ab0f54 successfully!","timestamp":"2021-04-26T15:33:54.840Z"}
{"level":"info","message":"Skipping download of { title: jules-aron.jpg, uid: blt21cbe4b003ab0f54 }, as they already exist","timestamp":"2021-04-26T15:33:56.028Z"}
{"level":"info","message":"Downloaded sugar-syrup.JPG: bltc6b671f9e5e1dfbf successfully!","timestamp":"2021-04-26T15:33:56.112Z"}
{"level":"info","message":"Downloaded eugene-lee.jpg: blt205586bacfe2d383 successfully!","timestamp":"2021-04-26T15:33:56.155Z"}
{"level":"info","message":"Skipping download of { title: sugar-syrup.JPG, uid: bltc6b671f9e5e1dfbf }, as they already exist","timestamp":"2021-04-26T15:33:56.281Z"}
{"level":"info","message":"Downloaded cherry-liquor.JPG: blt8aae79cf534497f2 successfully!","timestamp":"2021-04-26T15:33:56.294Z"}
{"level":"info","message":"Skipping download of { title: eugene-lee.jpg, uid: blt205586bacfe2d383 }, as they already exist","timestamp":"2021-04-26T15:33:56.322Z"}
{"level":"info","message":"Downloaded bombay.JPG: blt247456095f3ddf5f successfully!","timestamp":"2021-04-26T15:33:56.335Z"}
{"level":"info","message":"Skipping download of { title: cherry-liquor.JPG, uid: blt8aae79cf534497f2 }, as they already exist","timestamp":"2021-04-26T15:33:56.467Z"}
{"level":"info","message":"Skipping download of { title: bombay.JPG, uid: blt247456095f3ddf5f }, as they already exist","timestamp":"2021-04-26T15:33:56.518Z"}
{"level":"info","message":"Downloaded cherries.JPG: blt13670d1a1aee8165 successfully!","timestamp":"2021-04-26T15:33:56.570Z"}
{"level":"info","message":"Downloaded bacardi.jpg: blt8fb078e5f8b3a2da successfully!","timestamp":"2021-04-26T15:33:56.588Z"}
{"level":"info","message":"Skipping download of { title: cherries.JPG, uid: blt13670d1a1aee8165 }, as they already exist","timestamp":"2021-04-26T15:33:56.759Z"}
{"level":"info","message":"Skipping download of { title: bacardi.jpg, uid: blt8fb078e5f8b3a2da }, as they already exist","timestamp":"2021-04-26T15:33:56.774Z"}
{"level":"info","message":"Downloaded lime.jpg: blt505e05ddb74aeddc successfully!","timestamp":"2021-04-26T15:33:56.789Z"}
{"level":"info","message":"Downloaded bacardi-banana.jpg: blt9b06268de1e282bd successfully!","timestamp":"2021-04-26T15:33:56.793Z"}
{"level":"info","message":"Downloaded celeri.JPG: blt319e0741610ccca1 successfully!","timestamp":"2021-04-26T15:33:57.223Z"}
{"level":"info","message":"Downloaded gingerbeer.JPG: blt77e185e64c0352d4 successfully!","timestamp":"2021-04-26T15:33:57.229Z"}
{"level":"info","message":"Downloaded bathrob_brunch.PNG: blt9fb4bde3a5a2add9 successfully!","timestamp":"2021-04-26T15:33:57.762Z"}
{"level":"info","message":"Skipping download of { title: lime.jpg, uid: blt505e05ddb74aeddc }, as they already exist","timestamp":"2021-04-26T15:33:58.128Z"}
{"level":"info","message":"Skipping download of { title: bacardi-banana.jpg, uid: blt9b06268de1e282bd }, as they already exist","timestamp":"2021-04-26T15:33:58.136Z"}
{"level":"info","message":"Skipping download of { title: celeri.JPG, uid: blt319e0741610ccca1 }, as they already exist","timestamp":"2021-04-26T15:33:58.139Z"}
{"level":"info","message":"Skipping download of { title: gingerbeer.JPG, uid: blt77e185e64c0352d4 }, as they already exist","timestamp":"2021-04-26T15:33:58.145Z"}
{"level":"info","message":"Skipping download of { title: bathrob_brunch.PNG, uid: blt9fb4bde3a5a2add9 }, as they already exist","timestamp":"2021-04-26T15:33:58.146Z"}
{"level":"info","message":"Downloaded martini.JPG: bltf12b7a308ae7edb0 successfully!","timestamp":"2021-04-26T15:33:58.582Z"}
{"level":"info","message":"Downloaded coriander.JPG: blt34ba37c3cd05338f successfully!","timestamp":"2021-04-26T15:33:58.597Z"}
{"level":"info","message":"Skipping download of { title: martini.JPG, uid: bltf12b7a308ae7edb0 }, as they already exist","timestamp":"2021-04-26T15:33:58.759Z"}
{"level":"info","message":"Skipping download of { title: coriander.JPG, uid: blt34ba37c3cd05338f }, as they already exist","timestamp":"2021-04-26T15:33:58.769Z"}
{"level":"info","message":"Batch no 1 of assets is complete","timestamp":"2021-04-26T15:33:58.775Z"}
{"level":"info","message":"Downloaded bosstender.jpg: blt08bf4fa1f8186148 successfully!","timestamp":"2021-04-26T15:33:59.223Z"}
{"level":"info","message":"Downloaded leon-black.jpg: bltd48fe040721e6add successfully!","timestamp":"2021-04-26T15:33:59.229Z"}
{"level":"info","message":"Downloaded cyllan-hicks.jpg: blt37a65bd0ba3bcc61 successfully!","timestamp":"2021-04-26T15:33:59.240Z"}
{"level":"info","message":"Skipping download of { title: cyllan-hicks.jpg, uid: blt37a65bd0ba3bcc61 }, as they already exist","timestamp":"2021-04-26T15:33:59.409Z"}
{"level":"info","message":"Downloaded carley-gaskin.jpg: bltb0ea4560f86cd216 successfully!","timestamp":"2021-04-26T15:33:59.414Z"}
{"level":"info","message":"Skipping download of { title: bosstender.jpg, uid: blt08bf4fa1f8186148 }, as they already exist","timestamp":"2021-04-26T15:33:59.424Z"}
{"level":"info","message":"Skipping download of { title: leon-black.jpg, uid: bltd48fe040721e6add }, as they already exist","timestamp":"2021-04-26T15:33:59.438Z"}
{"level":"info","message":"Skipping download of { title: carley-gaskin.jpg, uid: bltb0ea4560f86cd216 }, as they already exist","timestamp":"2021-04-26T15:33:59.580Z"}
{"level":"info","message":"Batch no 21 of assets is complete","timestamp":"2021-04-26T15:33:59.586Z"}
{"level":"info","message":"Asset-folders have been successfully exported!","timestamp":"2021-04-26T15:33:59.931Z"}
{"level":"info","message":"\u001b[32mAsset export completed successfully\u001b[39m","timestamp":"2021-04-26T15:33:59.932Z"}
{"level":"info","message":"Starting locale export","timestamp":"2021-04-26T15:33:59.937Z"}
{"level":"info","message":"French - France locale was exported successfully","timestamp":"2021-04-26T15:34:00.108Z"}
{"level":"info","message":"Spanish locale was exported successfully","timestamp":"2021-04-26T15:34:00.109Z"}
{"level":"info","message":"\u001b[32mAll the locales have been exported successfully\u001b[39m","timestamp":"2021-04-26T15:34:00.111Z"}
{"level":"info","message":"Starting environment export","timestamp":"2021-04-26T15:34:00.117Z"}
{"level":"info","message":"\u001b[32mAll the environments have been exported successfully\u001b[39m","timestamp":"2021-04-26T15:34:00.302Z"}
{"level":"info","message":"Starting extension export","timestamp":"2021-04-26T15:34:00.311Z"}
{"level":"info","message":"Starting webhooks export","timestamp":"2021-04-26T15:34:00.614Z"}
{"level":"info","message":"\u001b[32mAll the extensions have been exported successfully\u001b[39m","timestamp":"2021-04-26T15:34:00.610Z"}
{"level":"info","message":"\u001b[32mAll the webhooks have been exported successfully\u001b[39m","timestamp":"2021-04-26T15:34:00.819Z"}
{"level":"info","message":"Starting Global Fields export","timestamp":"2021-04-26T15:34:00.825Z"}
{"level":"info","message":"\u001b[32mGlobal Fields export completed successfully\u001b[39m","timestamp":"2021-04-26T15:34:00.994Z"}
{"level":"info","message":"Starting content type export","timestamp":"2021-04-26T15:34:00.999Z"}
{"level":"info","message":"\u001b[32mContent type(s) exported successfully\u001b[39m","timestamp":"2021-04-26T15:34:01.235Z"}
{"level":"info","message":"Starting workflow export","timestamp":"2021-04-26T15:34:01.238Z"}
{"level":"info","message":"Homepage Publish workflow was exported successfully","timestamp":"2021-04-26T15:34:01.415Z"}
{"level":"info","message":"Product Page Workflow workflow was exported successfully","timestamp":"2021-04-26T15:34:01.416Z"}
{"level":"info","message":"Starting entry migration","timestamp":"2021-04-26T15:34:01.424Z"}
{"level":"info","message":"\u001b[32mAll the workflow have been exported successfully\u001b[39m","timestamp":"2021-04-26T15:34:01.418Z"}
{"level":"info","message":"Exported entries of category to the fr-fr language successfully","timestamp":"2021-04-26T15:34:01.776Z"}
{"level":"info","message":"Exported entries of cocktail to the en-us language successfully","timestamp":"2021-04-26T15:34:02.129Z"}
{"level":"info","message":"Exported entries of cocktail to the es language successfully","timestamp":"2021-04-26T15:34:02.491Z"}
{"level":"info","message":"Exported entries of cocktail to the fr-fr language successfully","timestamp":"2021-04-26T15:34:02.917Z"}
{"level":"info","message":"Exported entries of ingredient to the en-us language successfully","timestamp":"2021-04-26T15:34:03.339Z"}
{"level":"info","message":"Exported entries of ingredient to the es language successfully","timestamp":"2021-04-26T15:34:03.688Z"}
{"level":"info","message":"Exported entries of ingredient to the fr-fr language successfully","timestamp":"2021-04-26T15:34:04.058Z"}
{"level":"info","message":"Exported entries of homepage to the en-us language successfully","timestamp":"2021-04-26T15:34:04.440Z"}
{"level":"info","message":"Exported entries of homepage to the es language successfully","timestamp":"2021-04-26T15:34:04.803Z"}
{"level":"info","message":"Exported entries of homepage to the fr-fr language successfully","timestamp":"2021-04-26T15:34:05.176Z"}
{"level":"info","message":"Exported entries of cocktail_footer_section to the en-us language successfully","timestamp":"2021-04-26T15:34:05.557Z"}
{"level":"info","message":"Exported entries of cocktail_footer_section to the es language successfully","timestamp":"2021-04-26T15:34:05.914Z"}
{"level":"info","message":"Exported entries of cocktail_footer_section to the fr-fr language successfully","timestamp":"2021-04-26T15:34:06.277Z"}
{"level":"info","message":"Exported entries of cocktail_header_section to the en-us language successfully","timestamp":"2021-04-26T15:34:06.610Z"}
{"level":"info","message":"Exported entries of cocktail_header_section to the es language successfully","timestamp":"2021-04-26T15:34:06.972Z"}
{"level":"info","message":"Exported entries of cocktail_header_section to the fr-fr language successfully","timestamp":"2021-04-26T15:34:07.327Z"}
{"level":"info","message":"Exported entries of category to the en-us language successfully","timestamp":"2021-04-26T15:34:07.692Z"}
{"level":"info","message":"Exported entries of category to the es language successfully","timestamp":"2021-04-26T15:34:08.057Z"}
{"level":"info","message":"Entry migration completed successfully","timestamp":"2021-04-26T15:34:08.058Z"}
{"level":"info","message":"Starting labels export","timestamp":"2021-04-26T15:34:08.062Z"}
{"level":"info","message":"No labels found","timestamp":"2021-04-26T15:34:08.231Z"}
{"level":"info","message":"\u001b[32mThe content of the blta75af917b78de8fb has been exported succesfully!\u001b[39m","timestamp":"2021-04-26T15:34:08.236Z"}
{"level":"info","message":"The log for this is stored at C:\\Users\\benth\\Documents\\dev\\pro\\bacardi\\CMS\\contentstack-nextjs-react-mixlab\\content-export\\logs\\export","timestamp":"2021-04-26T15:34:08.238Z"}
